# JRE version: Java(TM) SE Runtime Environment (8.0_131-b11) (build 1.8.0_131-b11)
# Java VM: Java HotSpot(TM) 64-Bit Server VM (25.131-b11 mixed mode windows-amd64 compressed oops)
Heap:
 PSYoungGen      total 195584K, used 33039K [0x00000000d6800000, 0x00000000e5100000, 0x0000000100000000)
  eden space 180224K, 18% used [0x00000000d6800000,0x00000000d8843c78,0x00000000e1800000)
  from space 15360K, 0% used [0x00000000e1800000,0x00000000e1800000,0x00000000e2700000)
  to   space 15872K, 0% used [0x00000000e4180000,0x00000000e4180000,0x00000000e5100000)
 ParOldGen       total 50688K, used 20237K [0x0000000083800000, 0x0000000086980000, 0x00000000d6800000)
  object space 50688K, 39% used [0x0000000083800000,0x0000000084bc37d0,0x0000000086980000)
 Metaspace       used 42881K, capacity 44780K, committed 45016K, reserved 1089536K
  class space    used 5900K, capacity 6266K, committed 6360K, reserved 1048576K
GC Heap History (10 events):
Event: 4.792 GC heap before
{Heap before GC invocations=11 (full 2):
 PSYoungGen      total 195584K, used 10604K [0x00000000d6800000, 0x00000000e5400000, 0x0000000100000000)
  eden space 180224K, 0% used [0x00000000d6800000,0x00000000d6800000,0x00000000e1800000)
  from space 15360K, 69% used [0x00000000e1800000,0x00000000e225b038,0x00000000e2700000)
  to   space 12288K, 0% used [0x00000000e2700000,0x00000000e2700000,0x00000000e3300000)
 ParOldGen       total 50688K, used 18138K [0x0000000083800000, 0x0000000086980000, 0x00000000d6800000)
  object space 50688K, 35% used [0x0000000083800000,0x00000000849b6ba8,0x0000000086980000)
 Metaspace       used 33710K, capacity 35274K, committed 35416K, reserved 1079296K
  class space    used 4569K, capacity 4901K, committed 4952K, reserved 1048576K
Event: 4.936 GC heap after
Heap after GC invocations=11 (full 2):
 PSYoungGen      total 195584K, used 0K [0x00000000d6800000, 0x00000000e5400000, 0x0000000100000000)
  eden space 180224K, 0% used [0x00000000d6800000,0x00000000d6800000,0x00000000e1800000)
  from space 15360K, 0% used [0x00000000e1800000,0x00000000e1800000,0x00000000e2700000)
  to   space 12288K, 0% used [0x00000000e2700000,0x00000000e2700000,0x00000000e3300000)
 ParOldGen       total 50688K, used 20976K [0x0000000083800000, 0x0000000086980000, 0x00000000d6800000)
  object space 50688K, 41% used [0x0000000083800000,0x0000000084c7c168,0x0000000086980000)
 Metaspace       used 33710K, capacity 35274K, committed 35416K, reserved 1079296K
  class space    used 4569K, capacity 4901K, committed 4952K, reserved 1048576K
}
Event: 5.899 GC heap before
{Heap before GC invocations=12 (full 2):
 PSYoungGen      total 195584K, used 48180K [0x00000000d6800000, 0x00000000e5400000, 0x0000000100000000)
  eden space 180224K, 26% used [0x00000000d6800000,0x00000000d970d228,0x00000000e1800000)
  from space 15360K, 0% used [0x00000000e1800000,0x00000000e1800000,0x00000000e2700000)
  to   space 12288K, 0% used [0x00000000e2700000,0x00000000e2700000,0x00000000e3300000)
 ParOldGen       total 50688K, used 20976K [0x0000000083800000, 0x0000000086980000, 0x00000000d6800000)
  object space 50688K, 41% used [0x0000000083800000,0x0000000084c7c168,0x0000000086980000)
 Metaspace       used 40129K, capacity 41784K, committed 41944K, reserved 1085440K
  class space    used 5505K, capacity 5830K, committed 5848K, reserved 1048576K
Event: 5.906 GC heap after
Heap after GC invocations=12 (full 2):
 PSYoungGen      total 192512K, used 6666K [0x00000000d6800000, 0x00000000e5400000, 0x0000000100000000)
  eden space 180224K, 0% used [0x00000000d6800000,0x00000000d6800000,0x00000000e1800000)
  from space 12288K, 54% used [0x00000000e2700000,0x00000000e2d82b98,0x00000000e3300000)
  to   space 15360K, 0% used [0x00000000e1800000,0x00000000e1800000,0x00000000e2700000)
 ParOldGen       total 50688K, used 20984K [0x0000000083800000, 0x0000000086980000, 0x00000000d6800000)
  object space 50688K, 41% used [0x0000000083800000,0x0000000084c7e168,0x0000000086980000)
 Metaspace       used 40129K, capacity 41784K, committed 41944K, reserved 1085440K
  class space    used 5505K, capacity 5830K, committed 5848K, reserved 1048576K
}
Event: 5.906 GC heap before
{Heap before GC invocations=13 (full 3):
 PSYoungGen      total 192512K, used 6666K [0x00000000d6800000, 0x00000000e5400000, 0x0000000100000000)
  eden space 180224K, 0% used [0x00000000d6800000,0x00000000d6800000,0x00000000e1800000)
  from space 12288K, 54% used [0x00000000e2700000,0x00000000e2d82b98,0x00000000e3300000)
  to   space 15360K, 0% used [0x00000000e1800000,0x00000000e1800000,0x00000000e2700000)
 ParOldGen       total 50688K, used 20984K [0x0000000083800000, 0x0000000086980000, 0x00000000d6800000)
  object space 50688K, 41% used [0x0000000083800000,0x0000000084c7e168,0x0000000086980000)
 Metaspace       used 40129K, capacity 41784K, committed 41944K, reserved 1085440K
  class space    used 5505K, capacity 5830K, committed 5848K, reserved 1048576K
Event: 6.065 GC heap after
Heap after GC invocations=13 (full 3):
 PSYoungGen      total 192512K, used 0K [0x00000000d6800000, 0x00000000e5400000, 0x0000000100000000)
  eden space 180224K, 0% used [0x00000000d6800000,0x00000000d6800000,0x00000000e1800000)
  from space 12288K, 0% used [0x00000000e2700000,0x00000000e2700000,0x00000000e3300000)
  to   space 15360K, 0% used [0x00000000e1800000,0x00000000e1800000,0x00000000e2700000)
 ParOldGen       total 50688K, used 24838K [0x0000000083800000, 0x0000000086980000, 0x00000000d6800000)
  object space 50688K, 49% used [0x0000000083800000,0x0000000085041b30,0x0000000086980000)
 Metaspace       used 40129K, capacity 41784K, committed 41944K, reserved 1085440K
  class space    used 5505K, capacity 5830K, committed 5848K, reserved 1048576K
}
Event: 6.112 GC heap before
{Heap before GC invocations=14 (full 3):
 PSYoungGen      total 192512K, used 4650K [0x00000000d6800000, 0x00000000e5400000, 0x0000000100000000)
  eden space 180224K, 2% used [0x00000000d6800000,0x00000000d6c8ab20,0x00000000e1800000)
  from space 12288K, 0% used [0x00000000e2700000,0x00000000e2700000,0x00000000e3300000)
  to   space 15360K, 0% used [0x00000000e1800000,0x00000000e1800000,0x00000000e2700000)
 ParOldGen       total 50688K, used 24838K [0x0000000083800000, 0x0000000086980000, 0x00000000d6800000)
  object space 50688K, 49% used [0x0000000083800000,0x0000000085041b30,0x0000000086980000)
 Metaspace       used 40456K, capacity 42108K, committed 42328K, reserved 1089536K
  class space    used 5547K, capacity 5896K, committed 5976K, reserved 1048576K
Event: 6.114 GC heap after
Heap after GC invocations=14 (full 3):
 PSYoungGen      total 195584K, used 522K [0x00000000d6800000, 0x00000000e5100000, 0x0000000100000000)
  eden space 180224K, 0% used [0x00000000d6800000,0x00000000d6800000,0x00000000e1800000)
  from space 15360K, 3% used [0x00000000e1800000,0x00000000e1882ab0,0x00000000e2700000)
  to   space 15872K, 0% used [0x00000000e4180000,0x00000000e4180000,0x00000000e5100000)
 ParOldGen       total 50688K, used 24838K [0x0000000083800000, 0x0000000086980000, 0x00000000d6800000)
  object space 50688K, 49% used [0x0000000083800000,0x0000000085041b30,0x0000000086980000)
 Metaspace       used 40456K, capacity 42108K, committed 42328K, reserved 1089536K
  class space    used 5547K, capacity 5896K, committed 5976K, reserved 1048576K
}
Event: 6.114 GC heap before
{Heap before GC invocations=15 (full 4):
 PSYoungGen      total 195584K, used 522K [0x00000000d6800000, 0x00000000e5100000, 0x0000000100000000)
  eden space 180224K, 0% used [0x00000000d6800000,0x00000000d6800000,0x00000000e1800000)
  from space 15360K, 3% used [0x00000000e1800000,0x00000000e1882ab0,0x00000000e2700000)
  to   space 15872K, 0% used [0x00000000e4180000,0x00000000e4180000,0x00000000e5100000)
 ParOldGen       total 50688K, used 24838K [0x0000000083800000, 0x0000000086980000, 0x00000000d6800000)
  object space 50688K, 49% used [0x0000000083800000,0x0000000085041b30,0x0000000086980000)
 Metaspace       used 40456K, capacity 42108K, committed 42328K, reserved 1089536K
  class space    used 5547K, capacity 5896K, committed 5976K, reserved 1048576K
Event: 6.162 GC heap after
Heap after GC invocations=15 (full 4):
 PSYoungGen      total 195584K, used 0K [0x00000000d6800000, 0x00000000e5100000, 0x0000000100000000)
  eden space 180224K, 0% used [0x00000000d6800000,0x00000000d6800000,0x00000000e1800000)
  from space 15360K, 0% used [0x00000000e1800000,0x00000000e1800000,0x00000000e2700000)
  to   space 15872K, 0% used [0x00000000e4180000,0x00000000e4180000,0x00000000e5100000)
 ParOldGen       total 50688K, used 20237K [0x0000000083800000, 0x0000000086980000, 0x00000000d6800000)
  object space 50688K, 39% used [0x0000000083800000,0x0000000084bc37d0,0x0000000086980000)
 Metaspace       used 40456K, capacity 42108K, committed 42328K, reserved 1087488K
  class space    used 5547K, capacity 5896K, committed 5976K, reserved 1048576K
}

